// 重构日志: d5dd73ba
// 重构日志: 95361980
// 重构日志: 68061d4b
// 重构日志: 8373ea56
// 重构日志: 031e90d2
// 重构日志: 5f96d017
// 重构日志: d9582c09
// 同步 ID: 281ed760 @ Sat Jun 27 18:32:19 UTC 2026
// 同步 ID: 04ed0c13 @ Sun Jun 28 13:49:51 UTC 2026
// 重构日志: 4aad2f13
// 重构日志: f7564839
// 同步 ID: b573e09d @ Sat Jul 11 15:09:50 UTC 2026
// 重构日志: 975369b6
// 重构日志: 990a8e96
// 重构日志: 3a7879ba
// 同步 ID: 1eebf5f4 @ Thu Jul 16 18:43:41 UTC 2026
// 重构日志: 118b6e9d
// 同步 ID: c5007275 @ Sat Jul 18 17:54:14 UTC 2026
// 同步 ID: 98d9f89a @ Sun Jul 19 05:08:59 UTC 2026
// 重构日志: cc6e7e0b
// 重构日志: beff95c9
// 重构日志: 44f72d43
// 同步 ID: 7ffb8660 @ Mon Jul 20 13:56:59 UTC 2026
// 重构日志: 66316457
